run:
Book to download: 
https://books.google.com.cu/books?id=L4xElUcbymkC&printsec=frontcover&dq=La+historia+del+Derecho+Publico+Internacional&hl=es&sa=X&redir_esc=y#v=onepage&q&f=false
Destination folder: 
D:/TEMP
trying to connect to the url
Getting no of pages
surlhttps://books.google.co.in/books?id=L4xElUcbymkC&lpg=PR1&pg=PR4&jscmd=click3
response {"page":[{"pid":"PP1","src":"https://books.google.co.in/books/content?id=L4xElUcbymkC\u0026pg=PP1\u0026img=1\u0026zoom=3\u0026hl=en\u0026sig=ACfU3U1fetJ9Eo78QT1JqVEE6q3rQdl4QA","flags":32,"order":0,"uf":"https://books.google.co.in/books_feedback?id=L4xElUcbymkC\u0026spid=AFLRE73qoV71AgIEGIKumH0ajzAS_NWxhQVmTB8_jX3n3SCMcjOT4wo\u0026ftype=0"},{"pid":"PA5","src":"https://books.google.co.in/books/content?id=L4xElUcbymkC\u0026pg=PA5\u0026img=1\u0026zoom=3\u0026hl=en\u0026sig=ACfU3U2a_oY9SOsCKnRJjWjm3bQOMoZeNA"},{"pid":"PA6","src":"https://books.google.co.in/books/content?id=L4xElUcbymkC\u0026pg=PA6\u0026img=1\u0026zoom=3\u0026hl=en\u0026sig=ACfU3U06XmYjaofPA6o_QHjJzjBxdHDN5Q"},{"pid":"PA7","src":"https://books.google.co.in/books/content?id=L4xElUcbymkC\u0026pg=PA7\u0026img=1\u0026zoom=3\u0026hl=en\u0026sig=ACfU3U3G5cLm_VhMC_Q5SiKTsaWIstTv2A"},{"pid":"PP1"},{"pid":"PA5"},{"pid":"PA6"},{"pid":"PA7"},{"pid":"PA8"},{"pid":"PA9"},{"pid":"PA10"},{"pid":"PA11"},{"pid":"PA12"},{"pid":"PA13"},{"pid":"PA14"},{"pid":"PA15"},{"pid":"PA16"},{"pid":"PA17"},{"pid":"PA18"},{"pid":"PA19"},{"pid":"PA20"},{"pid":"PA21"},{"pid":"PA23"},{"pid":"PA24"},{"pid":"PA25"},{"pid":"PA26"},{"pid":"PA27"},{"pid":"PA28"},{"pid":"PA29"},{"pid":"PA30"},{"pid":"PA31"},{"pid":"PA32"},{"pid":"PA33"},{"pid":"PA34"},{"pid":"PA35"},{"pid":"PA36"},{"pid":"PA37"},{"pid":"PA38"},{"pid":"PA39"},{"pid":"PA40"},{"pid":"PA41"},{"pid":"PA42"},{"pid":"PA43"},{"pid":"PA44"},{"pid":"PA45"},{"pid":"PA46"},{"pid":"PA47"},{"pid":"PA48"},{"pid":"PA49"},{"pid":"PA50"},{"pid":"PA51"},{"pid":"PA52"},{"pid":"PA53"},{"pid":"PA54"},{"pid":"PA55"},{"pid":"PA56"},{"pid":"PA57"},{"pid":"PA58"},{"pid":"PA59"},{"pid":"PA60"},{"pid":"PA61"},{"pid":"PA62"},{"pid":"PA63"},{"pid":"PA64"},{"pid":"PA65"},{"pid":"PA66"},{"pid":"PA67"},{"pid":"PA68"},{"pid":"PA69"},{"pid":"PA70"},{"pid":"PA70-IA1"},{"pid":"PA71"},{"pid":"PA72"},{"pid":"PA73"},{"pid":"PA74"},{"pid":"PA75"},{"pid":"PA76"},{"pid":"PA77"},{"pid":"PA78"},{"pid":"PA79"},{"pid":"PA80"},{"pid":"PA81"},{"pid":"PA82"},{"pid":"PA83"},{"pid":"PA84"},{"pid":"PA85"},{"pid":"PA86"},{"pid":"PA87"},{"pid":"PA88"},{"pid":"PA89"},{"pid":"PA90"},{"pid":"PA91"},{"pid":"PA92"},{"pid":"PA93"},{"pid":"PA94"},{"pid":"PT6"}]}
96 pages needs to be downloaded
begging to get jsong for pages...
getting json for page id: PP1
Extracted IMAGE URL /books.google.co.in/books/content?id=L4xElUcbymkC&pg=PP1&img=1&zoom=3&hl=en&sig=ACfU3U1fetJ9Eo78QT1JqVEE6q3rQdl4QA
getting json for page id: PA5
Extracted IMAGE URL /books.google.co.in/books/content?id=L4xElUcbymkC&pg=PA5&img=1&zoom=3&hl=en&sig=ACfU3U2a_oY9SOsCKnRJjWjm3bQOMoZeNA
getting json for page id: PA6
Extracted IMAGE URL /books.google.co.in/books/content?id=L4xElUcbymkC&pg=PA6&img=1&zoom=3&hl=en&sig=ACfU3U06XmYjaofPA6o_QHjJzjBxdHDN5Q
getting json for page id: PA7
Extracted IMAGE URL /books.google.co.in/books/content?id=L4xElUcbymkC&pg=PA7&img=1&zoom=3&hl=en&sig=ACfU3U3G5cLm_VhMC_Q5SiKTsaWIstTv2A
getting json for page id: PP1
Extracted IMAGE URL /books.google.co.in/books/content?id=L4xElUcbymkC&pg=PP1&img=1&zoom=3&hl=en&sig=ACfU3U1fetJ9Eo78QT1JqVEE6q3rQdl4QA
getting json for page id: PA5
Extracted IMAGE URL /books.google.co.in/books/content?id=L4xElUcbymkC&pg=PA5&img=1&zoom=3&hl=en&sig=ACfU3U2a_oY9SOsCKnRJjWjm3bQOMoZeNA
getting json for page id: PA6
Extracted IMAGE URL /books.google.co.in/books/content?id=L4xElUcbymkC&pg=PA6&img=1&zoom=3&hl=en&sig=ACfU3U06XmYjaofPA6o_QHjJzjBxdHDN5Q
getting json for page id: PA7
Extracted IMAGE URL /books.google.co.in/books/content?id=L4xElUcbymkC&pg=PA7&img=1&zoom=3&hl=en&sig=ACfU3U3G5cLm_VhMC_Q5SiKTsaWIstTv2A
getting json for page id: PA8
Extracted IMAGE URL /books.google.co.in/books/content?id=L4xElUcbymkC&pg=PA8&img=1&zoom=3&hl=en&sig=ACfU3U3H3FMif76_4xwD4BPmJ5ymIF0RvQ
getting json for page id: PA9
Extracted IMAGE URL /books.google.co.in/books/content?id=L4xElUcbymkC&pg=PA9&img=1&zoom=3&hl=en&sig=ACfU3U3m4MUPYiK6L6_dTMiVeqaAEZlCVg
getting json for page id: PA10
Extracted IMAGE URL /books.google.co.in/books/content?id=L4xElUcbymkC&pg=PA10&img=1&zoom=3&hl=en&sig=ACfU3U0B65KuYofYFT1GJgN4MPKRMPxBRA
getting json for page id: PA11
Extracted IMAGE URL /books.google.co.in/books/content?id=L4xElUcbymkC&pg=PA11&img=1&zoom=3&hl=en&sig=ACfU3U3il3j8fttBosNOKesUp9vGhplb1w
getting json for page id: PA12
Extracted IMAGE URL /books.google.co.in/books/content?id=L4xElUcbymkC&pg=PA12&img=1&zoom=3&hl=en&sig=ACfU3U3bArmpN-s8t-ELkLXbuyPQcB1Oqw
getting json for page id: PA13
Extracted IMAGE URL /books.google.co.in/books/content?id=L4xElUcbymkC&pg=PA13&img=1&zoom=3&hl=en&sig=ACfU3U2OS7BLp_VXOK-ujWnuCwTERPEAhQ
getting json for page id: PA14
Extracted IMAGE URL /books.google.co.in/books/content?id=L4xElUcbymkC&pg=PA14&img=1&zoom=3&hl=en&sig=ACfU3U3PHRtOwuBv9A475Wv4D3v1Nqdduw
getting json for page id: PA15
Extracted IMAGE URL /books.google.co.in/books/content?id=L4xElUcbymkC&pg=PA15&img=1&zoom=3&hl=en&sig=ACfU3U1QpAxdVEYYUhk2FQHo0oilvpUReQ
getting json for page id: PA16
Extracted IMAGE URL /books.google.co.in/books/content?id=L4xElUcbymkC&pg=PA16&img=1&zoom=3&hl=en&sig=ACfU3U0M8L2RwYcVtybfY7_bnt-Isy0dYw
getting json for page id: PA17
Extracted IMAGE URL /books.google.co.in/books/content?id=L4xElUcbymkC&pg=PA17&img=1&zoom=3&hl=en&sig=ACfU3U3zeWK7_5_8REGjY5SedjtVxJlDoA
getting json for page id: PA18
Extracted IMAGE URL /books.google.co.in/books/content?id=L4xElUcbymkC&pg=PA18&img=1&zoom=3&hl=en&sig=ACfU3U3TXtWYOeZ_tGE7Z-NyWFwS-OwZag
getting json for page id: PA19
Extracted IMAGE URL /books.google.co.in/books/content?id=L4xElUcbymkC&pg=PA19&img=1&zoom=3&hl=en&sig=ACfU3U3Fld3vdRSHzyQp1iVP8Ekmzun6LA
getting json for page id: PA20
Extracted IMAGE URL /books.google.co.in/books/content?id=L4xElUcbymkC&pg=PA20&img=1&zoom=3&hl=en&sig=ACfU3U03c2Um13QFFVcf2B0fs0L1O28peQ
getting json for page id: PA21
Extracted IMAGE URL /books.google.co.in/books/content?id=L4xElUcbymkC&pg=PA21&img=1&zoom=3&hl=en&sig=ACfU3U1DTOnGza7xJ7w2Di1Dduj2VCFOMg
getting json for page id: PA23
Extracted IMAGE URL /books.google.co.in/books/content?id=L4xElUcbymkC&pg=PA23&img=1&zoom=3&hl=en&sig=ACfU3U07gSA4b_Cuv6bps00eTVoOobeB9A
getting json for page id: PA24
Extracted IMAGE URL /books.google.co.in/books/content?id=L4xElUcbymkC&pg=PA24&img=1&zoom=3&hl=en&sig=ACfU3U1OhX2waGORlf2LjXF_9ZW-zsrVWA
getting json for page id: PA25
Extracted IMAGE URL /books.google.co.in/books/content?id=L4xElUcbymkC&pg=PA25&img=1&zoom=3&hl=en&sig=ACfU3U1zO1No7cOrBJsav0oDyZOc6SbjnA
getting json for page id: PA26
Extracted IMAGE URL /books.google.co.in/books/content?id=L4xElUcbymkC&pg=PA26&img=1&zoom=3&hl=en&sig=ACfU3U0E2TNNi0YxEK3qpJ7Kq0xkajfNEw
getting json for page id: PA27
Extracted IMAGE URL /books.google.co.in/books/content?id=L4xElUcbymkC&pg=PA27&img=1&zoom=3&hl=en&sig=ACfU3U0CMqc08FrY0K2RbEjPx1iU5DVQMQ
getting json for page id: PA28
Extracted IMAGE URL /books.google.co.in/books/content?id=L4xElUcbymkC&pg=PA28&img=1&zoom=3&hl=en&sig=ACfU3U1NN562Wivo-QwAZePde4QLPuUm-Q
getting json for page id: PA29
Extracted IMAGE URL /books.google.co.in/books/content?id=L4xElUcbymkC&pg=PA29&img=1&zoom=3&hl=en&sig=ACfU3U2a-zjK89ckvPGPE_SX-w-OGH0EPw
getting json for page id: PA30
Extracted IMAGE URL /books.google.co.in/books/content?id=L4xElUcbymkC&pg=PA30&img=1&zoom=3&hl=en&sig=ACfU3U08gkzLZ-vIcwdCx-Khb18Eh7-LLQ
getting json for page id: PA31
Extracted IMAGE URL /books.google.co.in/books/content?id=L4xElUcbymkC&pg=PA31&img=1&zoom=3&hl=en&sig=ACfU3U3ZBgp0xK0QTLAEAb-12XAzLl0u0g
getting json for page id: PA32
Extracted IMAGE URL /books.google.co.in/books/content?id=L4xElUcbymkC&pg=PA32&img=1&zoom=3&hl=en&sig=ACfU3U1NxiBl20ZcfQ9EViIh3lftDWGOAQ
getting json for page id: PA33
Extracted IMAGE URL /books.google.co.in/books/content?id=L4xElUcbymkC&pg=PA33&img=1&zoom=3&hl=en&sig=ACfU3U1FcfLDVQwTAR_hzw1xLXrV6-YPPg
getting json for page id: PA34
Extracted IMAGE URL /books.google.co.in/books/content?id=L4xElUcbymkC&pg=PA34&img=1&zoom=3&hl=en&sig=ACfU3U2AuyCGc41_R7C5FzCG6ef9Fkn1nQ
getting json for page id: PA35
Extracted IMAGE URL /books.google.co.in/books/content?id=L4xElUcbymkC&pg=PA35&img=1&zoom=3&hl=en&sig=ACfU3U3xtLeiFz-HT_41463y9yx3dhPhEw
getting json for page id: PA36
Extracted IMAGE URL /books.google.co.in/books/content?id=L4xElUcbymkC&pg=PA36&img=1&zoom=3&hl=en&sig=ACfU3U1PErZMUJLMMJyarRlSmQUBlk442g
getting json for page id: PA37
Extracted IMAGE URL /books.google.co.in/books/content?id=L4xElUcbymkC&pg=PA37&img=1&zoom=3&hl=en&sig=ACfU3U1YCm4ajvuuyn51gf8zM4lGPFg2gg
getting json for page id: PA38
Extracted IMAGE URL /books.google.co.in/books/content?id=L4xElUcbymkC&pg=PA38&img=1&zoom=3&hl=en&sig=ACfU3U2l4yY8Ta4NsuSo00AHiNcLFwpT6g
getting json for page id: PA39
Extracted IMAGE URL /books.google.co.in/books/content?id=L4xElUcbymkC&pg=PA39&img=1&zoom=3&hl=en&sig=ACfU3U0L6rlTJKgs5lrtokQxaXf-ThSZ6A
getting json for page id: PA40
Extracted IMAGE URL /books.google.co.in/books/content?id=L4xElUcbymkC&pg=PA40&img=1&zoom=3&hl=en&sig=ACfU3U0Kn05V0C6m5pfF5khNfAq8zCmqzQ
getting json for page id: PA41
Extracted IMAGE URL /books.google.co.in/books/content?id=L4xElUcbymkC&pg=PA41&img=1&zoom=3&hl=en&sig=ACfU3U1Xs_NxxGGKiaKt4diWxMWum3Bvjw
getting json for page id: PA42
Extracted IMAGE URL /books.google.co.in/books/content?id=L4xElUcbymkC&pg=PA42&img=1&zoom=3&hl=en&sig=ACfU3U0STezEHGMNJTtTkCyFj3wyawgQWw
getting json for page id: PA43
Extracted IMAGE URL /books.google.co.in/books/content?id=L4xElUcbymkC&pg=PA43&img=1&zoom=3&hl=en&sig=ACfU3U1ic7LwUW_PBw-__78_tZbZaDyfbg
getting json for page id: PA44
Extracted IMAGE URL /books.google.co.in/books/content?id=L4xElUcbymkC&pg=PA44&img=1&zoom=3&hl=en&sig=ACfU3U0bGSo7xhcFIKOse3QBIKE_zq2tmw
getting json for page id: PA45
Extracted IMAGE URL /books.google.co.in/books/content?id=L4xElUcbymkC&pg=PA45&img=1&zoom=3&hl=en&sig=ACfU3U0ugvKR7_O02vQXQ2I9YGKvrv9nEA
getting json for page id: PA46
Extracted IMAGE URL /books.google.co.in/books/content?id=L4xElUcbymkC&pg=PA46&img=1&zoom=3&hl=en&sig=ACfU3U1YI3g4vmeQQFPF-uV7LrW5OLg-bg
getting json for page id: PA47
Extracted IMAGE URL /books.google.co.in/books/content?id=L4xElUcbymkC&pg=PA47&img=1&zoom=3&hl=en&sig=ACfU3U1sAQ7ksj5dPk7gF8Z-1VDoXdXTwQ
getting json for page id: PA48
Extracted IMAGE URL /books.google.co.in/books/content?id=L4xElUcbymkC&pg=PA48&img=1&zoom=3&hl=en&sig=ACfU3U3R6LhMXdoL0X68kIQb2Re_Lz3Ccw
getting json for page id: PA49
Extracted IMAGE URL /books.google.co.in/books/content?id=L4xElUcbymkC&pg=PA49&img=1&zoom=3&hl=en&sig=ACfU3U03k3CxWhfaUE92ch0UtOLZLNgUkg
getting json for page id: PA50
Extracted IMAGE URL /books.google.co.in/books/content?id=L4xElUcbymkC&pg=PA50&img=1&zoom=3&hl=en&sig=ACfU3U2dAUFtzFEOd3BcWWZ28tTZ8htADQ
getting json for page id: PA51
Extracted IMAGE URL /books.google.co.in/books/content?id=L4xElUcbymkC&pg=PA51&img=1&zoom=3&hl=en&sig=ACfU3U1nzCYWSHddC5138uSmsTjqGP7XLw
getting json for page id: PA52
Extracted IMAGE URL /books.google.co.in/books/content?id=L4xElUcbymkC&pg=PA52&img=1&zoom=3&hl=en&sig=ACfU3U2mR-9Zn6K9jr_Q5v3WLzG0cr_4wg
getting json for page id: PA53
Extracted IMAGE URL /books.google.co.in/books/content?id=L4xElUcbymkC&pg=PA53&img=1&zoom=3&hl=en&sig=ACfU3U0czZTYgatBVaw6Z_vOQAP-wxTQcg
getting json for page id: PA54
Extracted IMAGE URL /books.google.co.in/books/content?id=L4xElUcbymkC&pg=PA54&img=1&zoom=3&hl=en&sig=ACfU3U0p96jok-VIIAizgE3BsAutQAqwbg
getting json for page id: PA55
Extracted IMAGE URL /books.google.co.in/books/content?id=L4xElUcbymkC&pg=PA55&img=1&zoom=3&hl=en&sig=ACfU3U2LWW0nBHb-eBS6E-_6N7F6T8gFBw
getting json for page id: PA56
Extracted IMAGE URL /books.google.co.in/books/content?id=L4xElUcbymkC&pg=PA56&img=1&zoom=3&hl=en&sig=ACfU3U0-nvCvUPTw8Eg1SHIge99yMLHo8Q
getting json for page id: PA57
Extracted IMAGE URL /books.google.co.in/books/content?id=L4xElUcbymkC&pg=PA57&img=1&zoom=3&hl=en&sig=ACfU3U34UVaHva2r-CBc3TGD28Pq5Of8WA
getting json for page id: PA58
Extracted IMAGE URL /books.google.co.in/books/content?id=L4xElUcbymkC&pg=PA58&img=1&zoom=3&hl=en&sig=ACfU3U1sIIbwLpkjml-vfggsfkZa90MkoQ
getting json for page id: PA59
Extracted IMAGE URL /books.google.co.in/books/content?id=L4xElUcbymkC&pg=PA59&img=1&zoom=3&hl=en&sig=ACfU3U2WTzasFLW_35_svH0ncsZ7rnJOMg
getting json for page id: PA60
Extracted IMAGE URL /books.google.co.in/books/content?id=L4xElUcbymkC&pg=PA60&img=1&zoom=3&hl=en&sig=ACfU3U2RU3dkiio_0Io0BCH3sYADI32pxQ
getting json for page id: PA61
Extracted IMAGE URL /books.google.co.in/books/content?id=L4xElUcbymkC&pg=PA61&img=1&zoom=3&hl=en&sig=ACfU3U2zsDeOgychp-cNKGflQuu69geSNg
getting json for page id: PA62
Extracted IMAGE URL /books.google.co.in/books/content?id=L4xElUcbymkC&pg=PA62&img=1&zoom=3&hl=en&sig=ACfU3U3UDfozG7KK8D4zn2SFlTK4SCfvNg
getting json for page id: PA63
Extracted IMAGE URL /books.google.co.in/books/content?id=L4xElUcbymkC&pg=PA63&img=1&zoom=3&hl=en&sig=ACfU3U1q3z7GC_dIT3_ZamfesgAlkupr9g
getting json for page id: PA64
Extracted IMAGE URL /books.google.co.in/books/content?id=L4xElUcbymkC&pg=PA64&img=1&zoom=3&hl=en&sig=ACfU3U0WxSPBEXY4TE1hgBL2_6ikRXITpw
getting json for page id: PA65
Extracted IMAGE URL /books.google.co.in/books/content?id=L4xElUcbymkC&pg=PA65&img=1&zoom=3&hl=en&sig=ACfU3U0FWlGykYN43qt5XZhUsXMQdCJ81Q
getting json for page id: PA66
Extracted IMAGE URL /books.google.co.in/books/content?id=L4xElUcbymkC&pg=PA66&img=1&zoom=3&hl=en&sig=ACfU3U2cijCtdhdPfDuHSecK5NViwbuhqQ
getting json for page id: PA67
Extracted IMAGE URL /books.google.co.in/books/content?id=L4xElUcbymkC&pg=PA67&img=1&zoom=3&hl=en&sig=ACfU3U2HfyZtOSmQWXhd9qjcUsu8J1M-qg
getting json for page id: PA68
Extracted IMAGE URL /books.google.co.in/books/content?id=L4xElUcbymkC&pg=PA68&img=1&zoom=3&hl=en&sig=ACfU3U0wxvp0rRczsc05sqEd2Mhhe265Zw
getting json for page id: PA69
Extracted IMAGE URL /books.google.co.in/books/content?id=L4xElUcbymkC&pg=PA69&img=1&zoom=3&hl=en&sig=ACfU3U2Sn6XwJSMkjVloLR5pbRku0uBsMA
getting json for page id: PA70
Extracted IMAGE URL /books.google.co.in/books/content?id=L4xElUcbymkC&pg=PA70&img=1&zoom=3&hl=en&sig=ACfU3U2rnz25ddsKBsYVW-t-Jw3on-HbzA
getting json for page id: PA70-IA1
Extracted IMAGE URL /books.google.co.in/books/content?id=L4xElUcbymkC&pg=PA70-IA1&img=1&zoom=3&hl=en&sig=ACfU3U3jh1wy5OaqGdB2C8lD2g91wz2IEw
getting json for page id: PA71
Extracted IMAGE URL /books.google.co.in/books/content?id=L4xElUcbymkC&pg=PA71&img=1&zoom=3&hl=en&sig=ACfU3U1a4Hdy8gQJYi4kvBxq2Suz7DDjBw
getting json for page id: PA72
Extracted IMAGE URL /books.google.co.in/books/content?id=L4xElUcbymkC&pg=PA72&img=1&zoom=3&hl=en&sig=ACfU3U0FUvuHRGQ85xzNliqR1tERi7KI3Q
getting json for page id: PA73
Extracted IMAGE URL /books.google.co.in/books/content?id=L4xElUcbymkC&pg=PA73&img=1&zoom=3&hl=en&sig=ACfU3U2huzZvT9tE9T0wzyf3momRJ7zhsw
getting json for page id: PA74
Extracted IMAGE URL /books.google.co.in/books/content?id=L4xElUcbymkC&pg=PA74&img=1&zoom=3&hl=en&sig=ACfU3U03ZM_lI6a8ph9rGYliOXvmga6UTA
getting json for page id: PA75
Extracted IMAGE URL /books.google.co.in/books/content?id=L4xElUcbymkC&pg=PA75&img=1&zoom=3&hl=en&sig=ACfU3U0z-Z5sLPUALmbXUlARd1piu1hIJw
getting json for page id: PA76
Extracted IMAGE URL /books.google.co.in/books/content?id=L4xElUcbymkC&pg=PA76&img=1&zoom=3&hl=en&sig=ACfU3U3GNpB5_Q776q9mo-Zehj0acgY35g
getting json for page id: PA77
Extracted IMAGE URL /books.google.co.in/books/content?id=L4xElUcbymkC&pg=PA77&img=1&zoom=3&hl=en&sig=ACfU3U27PRUl-afebcFbHOghi15MQGIvbg
getting json for page id: PA78
Extracted IMAGE URL /books.google.co.in/books/content?id=L4xElUcbymkC&pg=PA78&img=1&zoom=3&hl=en&sig=ACfU3U0H7UhdPXCGw0LCPtIMaSc5UvMloQ
getting json for page id: PA79
Extracted IMAGE URL /books.google.co.in/books/content?id=L4xElUcbymkC&pg=PA79&img=1&zoom=3&hl=en&sig=ACfU3U1ZYK4uqpgNzqOBTNYWFJpteYHIMg
getting json for page id: PA80
Extracted IMAGE URL /books.google.co.in/books/content?id=L4xElUcbymkC&pg=PA80&img=1&zoom=3&hl=en&sig=ACfU3U1jLHpAvPUPNbCJtVDRUEvLLVDGEw
getting json for page id: PA81
Extracted IMAGE URL /books.google.co.in/books/content?id=L4xElUcbymkC&pg=PA81&img=1&zoom=3&hl=en&sig=ACfU3U1iXTg5SnvzOuXBv14cw-w-5OzbMg
getting json for page id: PA82
Extracted IMAGE URL /books.google.co.in/books/content?id=L4xElUcbymkC&pg=PA82&img=1&zoom=3&hl=en&sig=ACfU3U3z2ntaDAs3f3GlFKcjC8g1qHvlBA
getting json for page id: PA83
Extracted IMAGE URL /books.google.co.in/books/content?id=L4xElUcbymkC&pg=PA83&img=1&zoom=3&hl=en&sig=ACfU3U1UJYbFOs61BaZV7er4YCaZPsazqw
getting json for page id: PA84
Extracted IMAGE URL /books.google.co.in/books/content?id=L4xElUcbymkC&pg=PA84&img=1&zoom=3&hl=en&sig=ACfU3U3S0RYIe1XfKNw3bMysMXW74G1Rfw
getting json for page id: PA85
Extracted IMAGE URL /books.google.co.in/books/content?id=L4xElUcbymkC&pg=PA85&img=1&zoom=3&hl=en&sig=ACfU3U005PyuXvW9BHFkwtY2ze3iOvDinA
getting json for page id: PA86
Extracted IMAGE URL /books.google.co.in/books/content?id=L4xElUcbymkC&pg=PA86&img=1&zoom=3&hl=en&sig=ACfU3U1Pl6ujcgRQvZS-ZefbhiEShLYFIg
getting json for page id: PA87
Extracted IMAGE URL /books.google.co.in/books/content?id=L4xElUcbymkC&pg=PA87&img=1&zoom=3&hl=en&sig=ACfU3U1TjxBVjTL25WIdr4lmx6N0OYAqLQ
getting json for page id: PA88
Extracted IMAGE URL /books.google.co.in/books/content?id=L4xElUcbymkC&pg=PA88&img=1&zoom=3&hl=en&sig=ACfU3U15ttG57-5TAOFHEFm414DHxNlm-w
getting json for page id: PA89
Extracted IMAGE URL /books.google.co.in/books/content?id=L4xElUcbymkC&pg=PA89&img=1&zoom=3&hl=en&sig=ACfU3U20kGS7TB7q5SWZGLYnHXRecKkzdg
getting json for page id: PA90
Extracted IMAGE URL /books.google.co.in/books/content?id=L4xElUcbymkC&pg=PA90&img=1&zoom=3&hl=en&sig=ACfU3U0pgUFUlTqrH5H5ZvzV2BEWJ-1HtQ
getting json for page id: PA91
Extracted IMAGE URL /books.google.co.in/books/content?id=L4xElUcbymkC&pg=PA91&img=1&zoom=3&hl=en&sig=ACfU3U3rpQkXVCS9O0Ebt4kK0BqjjVOsIg
getting json for page id: PA92
Extracted IMAGE URL /books.google.co.in/books/content?id=L4xElUcbymkC&pg=PA92&img=1&zoom=3&hl=en&sig=ACfU3U12LviLOufFVeEaqvIQj7-ZQlamXA
getting json for page id: PA93
Extracted IMAGE URL /books.google.co.in/books/content?id=L4xElUcbymkC&pg=PA93&img=1&zoom=3&hl=en&sig=ACfU3U0wD41WtFeSTxvK5yEn-Ct_TXfDyQ
getting json for page id: PA94
Extracted IMAGE URL /books.google.co.in/books/content?id=L4xElUcbymkC&pg=PA94&img=1&zoom=3&hl=en&sig=ACfU3U0vO-T0QcKr69SPNq-kL3hJfVAteg
getting json for page id: PT6
Extracted IMAGE URL /books.google.co.in/books/content?id=L4xElUcbymkC&pg=PT6&img=1&zoom=3&hl=en&sig=ACfU3U3qr4DBIdQhdCASZ9bm7tE-eIOnPA
Extracting URLs completed
success
---Completed writing---
BUILD SUCCESSFUL (total time: 1 minute 41 seconds)
